<?xml version="1.0" encoding="UTF-8"?>
<testsuites>
  <testsuite name="fastlane.lanes">
    
    
    
      
      <testcase classname="fastlane.lanes" name="0: cocoapods" time="1.990345">
        
      </testcase>
    
      
      <testcase classname="fastlane.lanes" name="1: git_add" time="0.029423">
        
      </testcase>
    
      
      <testcase classname="fastlane.lanes" name="2: git_commit" time="0.054375">
        
      </testcase>
    
      
      <testcase classname="fastlane.lanes" name="3: push_to_git_remote" time="5.680037">
        
      </testcase>
    
      
      <testcase classname="fastlane.lanes" name="4: git_tag_exists" time="0.011367">
        
      </testcase>
    
      
      <testcase classname="fastlane.lanes" name="5: remove_tag" time="6.975678">
        
      </testcase>
    
      
      <testcase classname="fastlane.lanes" name="6: add_git_tag" time="0.016763">
        
      </testcase>
    
      
      <testcase classname="fastlane.lanes" name="7: push_git_tags" time="4.780181">
        
      </testcase>
    
      
      <testcase classname="fastlane.lanes" name="8: pod_lib_lint" time="8.800181">
        
          <failure message="/usr/local/lib/ruby/gems/2.4.0/gems/fastlane-2.62.0/fastlane/lib/fastlane/actions/actions_helper.rb:48:in `execute_action'&#10;/usr/local/lib/ruby/gems/2.4.0/gems/fastlane-2.62.0/fastlane/lib/fastlane/runner.rb:234:in `block in execute_action'&#10;/usr/local/lib/ruby/gems/2.4.0/gems/fastlane-2.62.0/fastlane/lib/fastlane/runner.rb:230:in `chdir'&#10;/usr/local/lib/ruby/gems/2.4.0/gems/fastlane-2.62.0/fastlane/lib/fastlane/runner.rb:230:in `execute_action'&#10;/usr/local/lib/ruby/gems/2.4.0/gems/fastlane-2.62.0/fastlane/lib/fastlane/runner.rb:148:in `trigger_action_by_name'&#10;/usr/local/lib/ruby/gems/2.4.0/gems/fastlane-2.62.0/fastlane/lib/fastlane/fast_file.rb:146:in `method_missing'&#10;Fastfile:52:in `block in parsing_binding'&#10;/usr/local/lib/ruby/gems/2.4.0/gems/fastlane-2.62.0/fastlane/lib/fastlane/lane.rb:33:in `call'&#10;/usr/local/lib/ruby/gems/2.4.0/gems/fastlane-2.62.0/fastlane/lib/fastlane/runner.rb:49:in `block in execute'&#10;/usr/local/lib/ruby/gems/2.4.0/gems/fastlane-2.62.0/fastlane/lib/fastlane/runner.rb:45:in `chdir'&#10;/usr/local/lib/ruby/gems/2.4.0/gems/fastlane-2.62.0/fastlane/lib/fastlane/runner.rb:45:in `execute'&#10;/usr/local/lib/ruby/gems/2.4.0/gems/fastlane-2.62.0/fastlane/lib/fastlane/lane_manager.rb:54:in `cruise_lane'&#10;/usr/local/lib/ruby/gems/2.4.0/gems/fastlane-2.62.0/fastlane/lib/fastlane/command_line_handler.rb:30:in `handle'&#10;/usr/local/lib/ruby/gems/2.4.0/gems/fastlane-2.62.0/fastlane/lib/fastlane/commands_generator.rb:104:in `block (2 levels) in run'&#10;/usr/local/lib/ruby/gems/2.4.0/gems/commander-fastlane-4.4.5/lib/commander/command.rb:178:in `call'&#10;/usr/local/lib/ruby/gems/2.4.0/gems/commander-fastlane-4.4.5/lib/commander/command.rb:153:in `run'&#10;/usr/local/lib/ruby/gems/2.4.0/gems/commander-fastlane-4.4.5/lib/commander/runner.rb:476:in `run_active_command'&#10;/usr/local/lib/ruby/gems/2.4.0/gems/fastlane-2.62.0/fastlane_core/lib/fastlane_core/ui/fastlane_runner.rb:66:in `run!'&#10;/usr/local/lib/ruby/gems/2.4.0/gems/commander-fastlane-4.4.5/lib/commander/delegates.rb:15:in `run!'&#10;/usr/local/lib/ruby/gems/2.4.0/gems/fastlane-2.62.0/fastlane/lib/fastlane/commands_generator.rb:303:in `run'&#10;/usr/local/lib/ruby/gems/2.4.0/gems/fastlane-2.62.0/fastlane/lib/fastlane/commands_generator.rb:42:in `start'&#10;/usr/local/lib/ruby/gems/2.4.0/gems/fastlane-2.62.0/fastlane/lib/fastlane/cli_tools_distributor.rb:66:in `take_off'&#10;/usr/local/lib/ruby/gems/2.4.0/gems/fastlane-2.62.0/bin/fastlane:20:in `&lt;top (required)&gt;'&#10;/usr/local/bin/fastlane:23:in `load'&#10;/usr/local/bin/fastlane:23:in `&lt;main&gt;'&#10;&#10;Exit status of command 'pod lib lint' was 1 instead of 0.&#10;&#10; -&gt; YYQCategory -&gt; YYQCategory (0.1.0)&#10;    - ERROR | [iOS] xcodebuild: Returned an unsuccessful exit code. You can use `--verbose` for more information.&#10;    - NOTE  | xcodebuild:  /Users/mopon/Library/Developer/Xcode/DerivedData/App-feyqmpsuwhgqzrfpofjyyxtpowey/Build/Products/Release-iphonesimulator/YYQCategory/YYQCategory.framework/Headers/YYQCategories.h:12:9: fatal error: 'CALayer+YYQExtension.h' file not found&#10;    - NOTE  | xcodebuild:  /var/folders/mn/sdvvg4mj0ks8lncd9d0tss400000gn/T/CocoaPods-Lint-20171019-64304-1nl6rv9-YYQCategory/App/main.m:3:9: fatal error: could not build module 'YYQCategory'&#10;&#10;[!] YYQCategory did not pass validation, due to 1 error.&#10;You can use the `--no-clean` option to inspect any issue.&#10;" />
        
      </testcase>
    
  </testsuite>
</testsuites>
